[info] Creating data directory: "/Users/rml/Desktop/Rizky Pradana Putra/Aplikasi/academic_ponpes/app/build/outputs/dexguard/bitguard/apk/release/bitguard-intermediates/0/logs"
[info] Using random seed: 3343412442
[info] Guardsquare BitGuard 4.3.3 stable (4.7.0- f5327fadd) 
[info] Copyright (c) Guardsquare 2023
[debug] Logging level set to debug
[info] APK Driver
[info] Reading input...
[info] Verifying configuration file
[debug] No default denylist found for framework with name 'Other'
[debug] No default denylist found for framework with name 'Other'
[debug] No default denylist found for framework with name 'Other'
[debug] No default denylist found for framework with name 'Other'
[info] Early Materialize Modules
[info] Loading Prefabs
[info] Materialize Modules
[info] Verifying configuration file
[info] Parsing Strings
[info] Initializing filters
[debug] No default denylist found for framework with name 'Other'
[info] Applying Filters
[info] Executing passes
[debug] Adding pass 'Propagate function argument attributes'
[debug] Adding pass 'JNI_OnLoad entry function'
[debug] Adding pass 'Synthetic entry functions'
[debug] Adding pass 'Merge Functions'
[debug] Adding pass 'Function Duplication'
[debug] Adding pass 'Function Name Randomization'
[debug] Adding pass 'Function Checksumming'
[debug] Adding pass 'JNI Exported Method Obfuscation'
[debug] Adding pass 'JNI Helper Obfuscation'
[debug] Adding pass 'Array indirection'
[debug] Adding pass 'String Analysis'
[debug] Skipping string: Shorter than min length. 'I\x00'.
[debug] Skipping string: Shorter than min length. 'C\x00'.
[debug] Skipping string: Shorter than min length. 'I\x00'.
[debug] Skipping string: Shorter than min length. 'C\x00'.
[debug] Skipping string: Shorter than min length. 'I\x00'.
[debug] Skipping string: Shorter than min length. 'C\x00'.
[debug] Skipping string: Shorter than min length. 'I\x00'.
[debug] Skipping string: Shorter than min length. 'C\x00'.
[debug] Adding pass 'String Bucketing'
[debug] Adding pass 'String Encryption'
[debug] Adding pass 'String Integrity'
[debug] Adding pass 'Memory predicates'
[debug] Adding pass 'Exit Points'
[debug] Adding pass 'Simplify CFG'
[debug] Adding pass 'Split Basic Blocks'
[debug] Adding pass 'Opaque Predicates'
[debug] Adding pass 'Diffusion'
[debug] Adding pass 'Constant Obfuscation'
[debug] Adding pass 'Arithmetic Obfuscation'
[debug] Adding pass 'Reorder'
[debug] Adding pass 'Clean Synthetic entry functions'
[debug] Adding pass 'Aggregate Debug Information'
[debug] Adding pass 'Fix up debug information of function calls'
[debug] Adding pass 'Fix up tail calls'
[info] Recompiling
[debug] Compiling in 4 threads
[info] Creating ELF: libe88cb1.so
[debug] Command: /Users/rml/Desktop/Rizky Pradana Putra/Aplikasi/academic_ponpes/app/build/outputs/dexguard/bitguard/apk/release/bitguard-intermediates/bitguard/bin/ld.lld -z noexecstack -z now -z relro --build-id --no-undefined --fatal-warnings --warn-shared-textrel --enable-new-dtags --eh-frame-hdr --hash-style=both -EL --fix-cortex-a53-843419 -z max-page-size=4096 -m aarch64linux /Users/rml/Desktop/Rizky Pradana Putra/Aplikasi/academic_ponpes/app/build/outputs/dexguard/bitguard/apk/release/bitguard-intermediates/bitguard/bin/../toolchains/arm64-v8a/crtbegin_so.o /var/folders/np/045h5ddj5g17xvy26bfyg83c0000gn/T/bitguard-outputs-ZRid8l/arm64/outputs.o -soname libe88cb1.so /Users/rml/Desktop/Rizky Pradana Putra/Aplikasi/academic_ponpes/app/build/outputs/dexguard/bitguard/apk/release/bitguard-intermediates/bitguard/bin/../toolchains/arm64-v8a/libgcc_real.a /Users/rml/Desktop/Rizky Pradana Putra/Aplikasi/academic_ponpes/app/build/outputs/dexguard/bitguard/apk/release/bitguard-intermediates/bitguard/bin/../toolchains/arm64-v8a/libatomic.a /Users/rml/Desktop/Rizky Pradana Putra/Aplikasi/academic_ponpes/app/build/outputs/dexguard/bitguard/apk/release/bitguard-intermediates/bitguard/bin/../toolchains/arm64-v8a/libc.so /Users/rml/Desktop/Rizky Pradana Putra/Aplikasi/academic_ponpes/app/build/outputs/dexguard/bitguard/apk/release/bitguard-intermediates/bitguard/bin/../toolchains/arm64-v8a/libstdc++.so /Users/rml/Desktop/Rizky Pradana Putra/Aplikasi/academic_ponpes/app/build/outputs/dexguard/bitguard/apk/release/bitguard-intermediates/bitguard/bin/../toolchains/arm64-v8a/libm.so /Users/rml/Desktop/Rizky Pradana Putra/Aplikasi/academic_ponpes/app/build/outputs/dexguard/bitguard/apk/release/bitguard-intermediates/bitguard/bin/../toolchains/arm64-v8a/libdl.so /Users/rml/Desktop/Rizky Pradana Putra/Aplikasi/academic_ponpes/app/build/outputs/dexguard/bitguard/apk/release/bitguard-intermediates/bitguard/bin/../toolchains/arm64-v8a/liblog.so /Users/rml/Desktop/Rizky Pradana Putra/Aplikasi/academic_ponpes/app/build/outputs/dexguard/bitguard/apk/release/bitguard-intermediates/bitguard/bin/../toolchains/arm64-v8a/crtend_so.o -shared --strip-all -o /var/folders/np/045h5ddj5g17xvy26bfyg83c0000gn/T/bitguard-outputs-ZRid8l/arm64/linked.outputs.o
[debug] Compiling in 4 threads
[info] Creating ELF: libe88cb1.so
[debug] Command: /Users/rml/Desktop/Rizky Pradana Putra/Aplikasi/academic_ponpes/app/build/outputs/dexguard/bitguard/apk/release/bitguard-intermediates/bitguard/bin/ld.lld -z noexecstack -z now -z relro --build-id --no-undefined --fatal-warnings --warn-shared-textrel --enable-new-dtags --eh-frame-hdr --hash-style=both -m elf_x86_64 /Users/rml/Desktop/Rizky Pradana Putra/Aplikasi/academic_ponpes/app/build/outputs/dexguard/bitguard/apk/release/bitguard-intermediates/bitguard/bin/../toolchains/x86_64/crtbegin_so.o /var/folders/np/045h5ddj5g17xvy26bfyg83c0000gn/T/bitguard-outputs-ZRid8l/x86_64/outputs.o -soname libe88cb1.so /Users/rml/Desktop/Rizky Pradana Putra/Aplikasi/academic_ponpes/app/build/outputs/dexguard/bitguard/apk/release/bitguard-intermediates/bitguard/bin/../toolchains/x86_64/libgcc_real.a /Users/rml/Desktop/Rizky Pradana Putra/Aplikasi/academic_ponpes/app/build/outputs/dexguard/bitguard/apk/release/bitguard-intermediates/bitguard/bin/../toolchains/x86_64/libatomic.a /Users/rml/Desktop/Rizky Pradana Putra/Aplikasi/academic_ponpes/app/build/outputs/dexguard/bitguard/apk/release/bitguard-intermediates/bitguard/bin/../toolchains/x86_64/libc.so /Users/rml/Desktop/Rizky Pradana Putra/Aplikasi/academic_ponpes/app/build/outputs/dexguard/bitguard/apk/release/bitguard-intermediates/bitguard/bin/../toolchains/x86_64/libstdc++.so /Users/rml/Desktop/Rizky Pradana Putra/Aplikasi/academic_ponpes/app/build/outputs/dexguard/bitguard/apk/release/bitguard-intermediates/bitguard/bin/../toolchains/x86_64/libm.so /Users/rml/Desktop/Rizky Pradana Putra/Aplikasi/academic_ponpes/app/build/outputs/dexguard/bitguard/apk/release/bitguard-intermediates/bitguard/bin/../toolchains/x86_64/libdl.so /Users/rml/Desktop/Rizky Pradana Putra/Aplikasi/academic_ponpes/app/build/outputs/dexguard/bitguard/apk/release/bitguard-intermediates/bitguard/bin/../toolchains/x86_64/liblog.so /Users/rml/Desktop/Rizky Pradana Putra/Aplikasi/academic_ponpes/app/build/outputs/dexguard/bitguard/apk/release/bitguard-intermediates/bitguard/bin/../toolchains/x86_64/crtend_so.o -shared --strip-all -o /var/folders/np/045h5ddj5g17xvy26bfyg83c0000gn/T/bitguard-outputs-ZRid8l/x86_64/linked.outputs.o
[debug] Compiling in 4 threads
[info] Creating ELF: libe88cb1.so
[debug] Command: /Users/rml/Desktop/Rizky Pradana Putra/Aplikasi/academic_ponpes/app/build/outputs/dexguard/bitguard/apk/release/bitguard-intermediates/bitguard/bin/ld.lld -z noexecstack -z now -z relro --build-id --no-undefined --fatal-warnings --warn-shared-textrel --enable-new-dtags --eh-frame-hdr --hash-style=both -EL -X -m armelf_linux_eabi /Users/rml/Desktop/Rizky Pradana Putra/Aplikasi/academic_ponpes/app/build/outputs/dexguard/bitguard/apk/release/bitguard-intermediates/bitguard/bin/../toolchains/armeabi-v7a/crtbegin_so.o /var/folders/np/045h5ddj5g17xvy26bfyg83c0000gn/T/bitguard-outputs-ZRid8l/armv7/outputs.o -soname libe88cb1.so /Users/rml/Desktop/Rizky Pradana Putra/Aplikasi/academic_ponpes/app/build/outputs/dexguard/bitguard/apk/release/bitguard-intermediates/bitguard/bin/../toolchains/armeabi-v7a/libgcc_real.a /Users/rml/Desktop/Rizky Pradana Putra/Aplikasi/academic_ponpes/app/build/outputs/dexguard/bitguard/apk/release/bitguard-intermediates/bitguard/bin/../toolchains/armeabi-v7a/libatomic.a /Users/rml/Desktop/Rizky Pradana Putra/Aplikasi/academic_ponpes/app/build/outputs/dexguard/bitguard/apk/release/bitguard-intermediates/bitguard/bin/../toolchains/armeabi-v7a/libc.so /Users/rml/Desktop/Rizky Pradana Putra/Aplikasi/academic_ponpes/app/build/outputs/dexguard/bitguard/apk/release/bitguard-intermediates/bitguard/bin/../toolchains/armeabi-v7a/libstdc++.so /Users/rml/Desktop/Rizky Pradana Putra/Aplikasi/academic_ponpes/app/build/outputs/dexguard/bitguard/apk/release/bitguard-intermediates/bitguard/bin/../toolchains/armeabi-v7a/libm.so /Users/rml/Desktop/Rizky Pradana Putra/Aplikasi/academic_ponpes/app/build/outputs/dexguard/bitguard/apk/release/bitguard-intermediates/bitguard/bin/../toolchains/armeabi-v7a/libdl.so /Users/rml/Desktop/Rizky Pradana Putra/Aplikasi/academic_ponpes/app/build/outputs/dexguard/bitguard/apk/release/bitguard-intermediates/bitguard/bin/../toolchains/armeabi-v7a/liblog.so /Users/rml/Desktop/Rizky Pradana Putra/Aplikasi/academic_ponpes/app/build/outputs/dexguard/bitguard/apk/release/bitguard-intermediates/bitguard/bin/../toolchains/armeabi-v7a/crtend_so.o -shared --strip-all -o /var/folders/np/045h5ddj5g17xvy26bfyg83c0000gn/T/bitguard-outputs-ZRid8l/armv7/linked.outputs.o
[debug] Compiling in 4 threads
[info] Creating ELF: libe88cb1.so
[debug] Command: /Users/rml/Desktop/Rizky Pradana Putra/Aplikasi/academic_ponpes/app/build/outputs/dexguard/bitguard/apk/release/bitguard-intermediates/bitguard/bin/ld.lld -z noexecstack -z now -z relro --build-id --no-undefined --fatal-warnings --warn-shared-textrel --enable-new-dtags --eh-frame-hdr --hash-style=both -m elf_i386 /Users/rml/Desktop/Rizky Pradana Putra/Aplikasi/academic_ponpes/app/build/outputs/dexguard/bitguard/apk/release/bitguard-intermediates/bitguard/bin/../toolchains/x86/crtbegin_so.o /var/folders/np/045h5ddj5g17xvy26bfyg83c0000gn/T/bitguard-outputs-ZRid8l/i386/outputs.o -soname libe88cb1.so /Users/rml/Desktop/Rizky Pradana Putra/Aplikasi/academic_ponpes/app/build/outputs/dexguard/bitguard/apk/release/bitguard-intermediates/bitguard/bin/../toolchains/x86/libgcc_real.a /Users/rml/Desktop/Rizky Pradana Putra/Aplikasi/academic_ponpes/app/build/outputs/dexguard/bitguard/apk/release/bitguard-intermediates/bitguard/bin/../toolchains/x86/libatomic.a /Users/rml/Desktop/Rizky Pradana Putra/Aplikasi/academic_ponpes/app/build/outputs/dexguard/bitguard/apk/release/bitguard-intermediates/bitguard/bin/../toolchains/x86/libc.so /Users/rml/Desktop/Rizky Pradana Putra/Aplikasi/academic_ponpes/app/build/outputs/dexguard/bitguard/apk/release/bitguard-intermediates/bitguard/bin/../toolchains/x86/libstdc++.so /Users/rml/Desktop/Rizky Pradana Putra/Aplikasi/academic_ponpes/app/build/outputs/dexguard/bitguard/apk/release/bitguard-intermediates/bitguard/bin/../toolchains/x86/libm.so /Users/rml/Desktop/Rizky Pradana Putra/Aplikasi/academic_ponpes/app/build/outputs/dexguard/bitguard/apk/release/bitguard-intermediates/bitguard/bin/../toolchains/x86/libdl.so /Users/rml/Desktop/Rizky Pradana Putra/Aplikasi/academic_ponpes/app/build/outputs/dexguard/bitguard/apk/release/bitguard-intermediates/bitguard/bin/../toolchains/x86/liblog.so /Users/rml/Desktop/Rizky Pradana Putra/Aplikasi/academic_ponpes/app/build/outputs/dexguard/bitguard/apk/release/bitguard-intermediates/bitguard/bin/../toolchains/x86/crtend_so.o -shared --strip-all -o /var/folders/np/045h5ddj5g17xvy26bfyg83c0000gn/T/bitguard-outputs-ZRid8l/i386/linked.outputs.o
[info] Writing APK
[info] 

STATISTICS:
-----------

Name Obfuscation: 
-----------------
  - Original function name: 224

Arithmetic Obfuscation: 
-----------------------
  - Functions skipped because they were not allowlisted: 8
  - Functions allowlisted, but without replacements: 31
  - Substituted original arithmetic instructions: 864
  - Constants substituted: 527
  - Constants substituted using lazy-init: 322
  - Functions created for lazy-init constant obfuscation: 0

Control Flow Obfuscation: 
-------------------------
  - Partially obfuscated functions: 36
  - Allowlisted obfuscated functions: 68
  - Arrayized calls to function: 136
  - Arrayized calls in function: 136
  - Branches diffused: 95
  - Functions not obfuscated because they were not allowlisted: 9
  - Functions merged: 31
  - Function locations reordered: 341
  - Global locations reordered: 94
  - Basic blocks reordered: 88
  - Basic blocks selected: 132
  - JNI exported functions obfuscated: 31

Data Obfuscation: 
-----------------
  - Encrypted strings: 8
  - Integrity-protected strings: 8

Integrity: 
----------




[warning] ============== General ==============
[warning] 'Control Flow Obfuscation: Logic': Max level specified. Avoid this level for production. (cfg_max_lvl_allowlist:1125907976)
[warning] 'Data Obfuscation': Match anything regex specified for an unstructured allowlist. (cfg_wildcard_allowlist:3563711182)
[info] Cleaning up...
[debug] [TemporaryDir] Removing temporary directory: /var/folders/np/045h5ddj5g17xvy26bfyg83c0000gn/T/bitguard-outputs-ZRid8l
[debug] Removed temp directory: "/var/folders/np/045h5ddj5g17xvy26bfyg83c0000gn/T/bitguard-outputs-ZRid8l"
